This file contains any messages produced by compilers while
running configure, to aid debugging if configure makes a mistake.

It was created by guile-sdl2 configure 0.8.0, which was
generated by GNU Autoconf 2.69.  Invocation command line was

  $ ./configure 

## --------- ##
## Platform. ##
## --------- ##

hostname = gentoolaptop
uname -m = x86_64
uname -r = 6.8.7-gentoo-dist
uname -s = Linux
uname -v = #1 SMP PREEMPT_DYNAMIC Thu Apr 18 14:31:14 -00 2024

/usr/bin/uname -p = Intel(R) Core(TM) i5-2520M CPU @ 2.50GHz
/bin/uname -X     = unknown

/bin/arch              = unknown
/usr/bin/arch -k       = unknown
/usr/convex/getsysinfo = unknown
/usr/bin/hostinfo      = unknown
/bin/machine           = unknown
/usr/bin/oslevel       = unknown
/bin/universe          = unknown

PATH: /usr/local/sbin
PATH: /usr/local/bin
PATH: /usr/sbin
PATH: /usr/bin
PATH: /sbin
PATH: /bin
PATH: /opt/bin
PATH: /usr/lib/llvm/18/bin
PATH: /usr/lib/llvm/17/bin
PATH: /etc/eselect/wine/bin
PATH: /home/agge/.local/bin


## ----------- ##
## Core tests. ##
## ----------- ##

configure:1823: checking for a BSD-compatible install
configure:1891: result: /usr/bin/install -c
configure:1902: checking whether build environment is sane
configure:1957: result: yes
configure:2103: checking for a thread-safe mkdir -p
configure:2142: result: /bin/mkdir -p
configure:2149: checking for gawk
configure:2165: found /usr/bin/gawk
configure:2176: result: gawk
configure:2187: checking whether make sets $(MAKE)
configure:2209: result: yes
configure:2238: checking whether make supports nested variables
configure:2255: result: yes
configure:2392: checking whether make supports nested variables
configure:2409: result: yes
configure:2423: checking for guile
configure:2441: found /usr/bin/guile
configure:2453: result: /usr/bin/guile
configure:2520: checking for pkg-config
configure:2538: found /usr/bin/pkg-config
configure:2550: result: /usr/bin/pkg-config
configure:2575: checking pkg-config is at least version 0.9.0
configure:2578: result: yes
configure:2610: checking for guile 3.0
configure:2613: $PKG_CONFIG --exists --print-errors "guile-$v"
Package guile-3.0 was not found in the pkg-config search path.
Perhaps you should add the directory containing `guile-3.0.pc'
to the PKG_CONFIG_PATH environment variable
Package 'guile-3.0' not found
configure:2616: $? = 1
configure:2610: checking for guile 2.2
configure:2613: $PKG_CONFIG --exists --print-errors "guile-$v"
configure:2616: $? = 0
configure:2633: found guile 2.2
configure:2654: checking for guile-2.2
configure:2684: result: /usr/bin/guile
configure:2712: checking for Guile version >= 2.2
configure:2740: result: 2.2.7
configure:2745: checking for guild
configure:2763: found /usr/bin/guild
configure:2775: result: /usr/bin/guild
configure:2787: checking for guile-config
configure:2805: found /usr/bin/guile-config
configure:2817: result: /usr/bin/guile-config
configure:2876: checking for sdl2
configure:2883: $PKG_CONFIG --exists --print-errors "sdl2"
configure:2886: $? = 0
configure:2900: $PKG_CONFIG --exists --print-errors "sdl2"
configure:2903: $? = 0
configure:2961: result: yes
configure:2970: $PKG_CONFIG --exists --print-errors "sdl2"
configure:2973: $? = 0
configure:2988: checking SDL2 library path
configure:2999: result: /usr/lib64
configure:3008: checking for SDL2_image
configure:3015: $PKG_CONFIG --exists --print-errors "SDL2_image"
Package SDL2_image was not found in the pkg-config search path.
Perhaps you should add the directory containing `SDL2_image.pc'
to the PKG_CONFIG_PATH environment variable
Package 'SDL2_image' not found
configure:3018: $? = 1
configure:3032: $PKG_CONFIG --exists --print-errors "SDL2_image"
Package SDL2_image was not found in the pkg-config search path.
Perhaps you should add the directory containing `SDL2_image.pc'
to the PKG_CONFIG_PATH environment variable
Package 'SDL2_image' not found
configure:3035: $? = 1
configure:3049: result: no
Package 'SDL2_image' not found
configure:3127: checking for SDL2_ttf
configure:3134: $PKG_CONFIG --exists --print-errors "SDL2_ttf"
Package SDL2_ttf was not found in the pkg-config search path.
Perhaps you should add the directory containing `SDL2_ttf.pc'
to the PKG_CONFIG_PATH environment variable
Package 'SDL2_ttf' not found
configure:3137: $? = 1
configure:3151: $PKG_CONFIG --exists --print-errors "SDL2_ttf"
Package SDL2_ttf was not found in the pkg-config search path.
Perhaps you should add the directory containing `SDL2_ttf.pc'
to the PKG_CONFIG_PATH environment variable
Package 'SDL2_ttf' not found
configure:3154: $? = 1
configure:3168: result: no
Package 'SDL2_ttf' not found
configure:3246: checking for SDL2_mixer
configure:3253: $PKG_CONFIG --exists --print-errors "SDL2_mixer"
Package SDL2_mixer was not found in the pkg-config search path.
Perhaps you should add the directory containing `SDL2_mixer.pc'
to the PKG_CONFIG_PATH environment variable
Package 'SDL2_mixer' not found
configure:3256: $? = 1
configure:3270: $PKG_CONFIG --exists --print-errors "SDL2_mixer"
Package SDL2_mixer was not found in the pkg-config search path.
Perhaps you should add the directory containing `SDL2_mixer.pc'
to the PKG_CONFIG_PATH environment variable
Package 'SDL2_mixer' not found
configure:3273: $? = 1
configure:3287: result: no
Package 'SDL2_mixer' not found
configure:3499: checking that generated files are newer than configure
configure:3505: result: done
configure:3525: creating ./config.status

## ---------------------- ##
## Running config.status. ##
## ---------------------- ##

This file was extended by guile-sdl2 config.status 0.8.0, which was
generated by GNU Autoconf 2.69.  Invocation command line was

  CONFIG_FILES    = 
  CONFIG_HEADERS  = 
  CONFIG_LINKS    = 
  CONFIG_COMMANDS = 
  $ ./config.status 

on gentoolaptop

config.status:770: creating Makefile
config.status:770: creating sdl2/config.scm
config.status:770: creating pre-inst-env

## ---------------- ##
## Cache variables. ##
## ---------------- ##

ac_cv_env_PKG_CONFIG_LIBDIR_set=
ac_cv_env_PKG_CONFIG_LIBDIR_value=
ac_cv_env_PKG_CONFIG_PATH_set=
ac_cv_env_PKG_CONFIG_PATH_value=
ac_cv_env_PKG_CONFIG_set=
ac_cv_env_PKG_CONFIG_value=
ac_cv_env_SDL2_CFLAGS_set=
ac_cv_env_SDL2_CFLAGS_value=
ac_cv_env_SDL2_IMAGE_LIBDIR_set=
ac_cv_env_SDL2_IMAGE_LIBDIR_value=
ac_cv_env_SDL2_LIBDIR_set=
ac_cv_env_SDL2_LIBDIR_value=
ac_cv_env_SDL2_LIBS_set=
ac_cv_env_SDL2_LIBS_value=
ac_cv_env_SDL2_MIXER_LIBDIR_set=
ac_cv_env_SDL2_MIXER_LIBDIR_value=
ac_cv_env_SDL2_TTF_LIBDIR_set=
ac_cv_env_SDL2_TTF_LIBDIR_value=
ac_cv_env_SDL2_image_CFLAGS_set=
ac_cv_env_SDL2_image_CFLAGS_value=
ac_cv_env_SDL2_image_LIBS_set=
ac_cv_env_SDL2_image_LIBS_value=
ac_cv_env_SDL2_mixer_CFLAGS_set=
ac_cv_env_SDL2_mixer_CFLAGS_value=
ac_cv_env_SDL2_mixer_LIBS_set=
ac_cv_env_SDL2_mixer_LIBS_value=
ac_cv_env_SDL2_ttf_CFLAGS_set=
ac_cv_env_SDL2_ttf_CFLAGS_value=
ac_cv_env_SDL2_ttf_LIBS_set=
ac_cv_env_SDL2_ttf_LIBS_value=
ac_cv_env_build_alias_set=
ac_cv_env_build_alias_value=
ac_cv_env_host_alias_set=
ac_cv_env_host_alias_value=
ac_cv_env_target_alias_set=
ac_cv_env_target_alias_value=
ac_cv_path_GUILD=/usr/bin/guild
ac_cv_path_GUILE=/usr/bin/guile
ac_cv_path_GUILE_CONFIG=/usr/bin/guile-config
ac_cv_path_ac_pt_PKG_CONFIG=/usr/bin/pkg-config
ac_cv_path_install='/usr/bin/install -c'
ac_cv_path_mkdir=/bin/mkdir
ac_cv_prog_AWK=gawk
ac_cv_prog_make_make_set=yes
am_cv_make_support_nested_variables=yes
pkg_cv_SDL2_CFLAGS='-I/usr/include/SDL2 -D_REENTRANT'
pkg_cv_SDL2_LIBDIR=/usr/lib64
pkg_cv_SDL2_LIBS=-lSDL2

## ----------------- ##
## Output variables. ##
## ----------------- ##

ACLOCAL='${SHELL} '\''/home/agge/projects/guile/guile-sdl2-0.8.0/build-aux/missing'\'' aclocal-1.16'
AMTAR='$${TAR-tar}'
AM_BACKSLASH='\'
AM_DEFAULT_V='$(AM_DEFAULT_VERBOSITY)'
AM_DEFAULT_VERBOSITY='0'
AM_V='$(V)'
AUTOCONF='${SHELL} '\''/home/agge/projects/guile/guile-sdl2-0.8.0/build-aux/missing'\'' autoconf'
AUTOHEADER='${SHELL} '\''/home/agge/projects/guile/guile-sdl2-0.8.0/build-aux/missing'\'' autoheader'
AUTOMAKE='${SHELL} '\''/home/agge/projects/guile/guile-sdl2-0.8.0/build-aux/missing'\'' automake-1.16'
AWK='gawk'
CYGPATH_W='echo'
DEFS='-DPACKAGE_NAME=\"guile-sdl2\" -DPACKAGE_TARNAME=\"guile-sdl2\" -DPACKAGE_VERSION=\"0.8.0\" -DPACKAGE_STRING=\"guile-sdl2\ 0.8.0\" -DPACKAGE_BUGREPORT=\"\" -DPACKAGE_URL=\"\" -DPACKAGE=\"guile-sdl2\" -DVERSION=\"0.8.0\"'
ECHO_C=''
ECHO_N='-n'
ECHO_T=''
GUILD='/usr/bin/guild'
GUILE='/usr/bin/guile'
GUILE_CONFIG='/usr/bin/guile-config'
GUILE_EFFECTIVE_VERSION='2.2'
GUILE_TOOLS='/usr/bin/guild'
HAVE_SDL2_IMAGE_FALSE=''
HAVE_SDL2_IMAGE_TRUE='#'
HAVE_SDL2_MIXER_FALSE=''
HAVE_SDL2_MIXER_TRUE='#'
HAVE_SDL2_TTF_FALSE=''
HAVE_SDL2_TTF_TRUE='#'
INSTALL_DATA='${INSTALL} -m 644'
INSTALL_PROGRAM='${INSTALL}'
INSTALL_SCRIPT='${INSTALL}'
INSTALL_STRIP_PROGRAM='$(install_sh) -c -s'
LIBOBJS=''
LIBS=''
LTLIBOBJS=''
MAKEINFO='${SHELL} '\''/home/agge/projects/guile/guile-sdl2-0.8.0/build-aux/missing'\'' makeinfo'
MKDIR_P='/bin/mkdir -p'
PACKAGE='guile-sdl2'
PACKAGE_BUGREPORT=''
PACKAGE_NAME='guile-sdl2'
PACKAGE_STRING='guile-sdl2 0.8.0'
PACKAGE_TARNAME='guile-sdl2'
PACKAGE_URL=''
PACKAGE_VERSION='0.8.0'
PATH_SEPARATOR=':'
PKG_CONFIG='/usr/bin/pkg-config'
PKG_CONFIG_LIBDIR=''
PKG_CONFIG_PATH=''
SDL2_CFLAGS='-I/usr/include/SDL2 -D_REENTRANT'
SDL2_IMAGE_LIBDIR=''
SDL2_LIBDIR='/usr/lib64'
SDL2_LIBS='-lSDL2'
SDL2_MIXER_LIBDIR=''
SDL2_TTF_LIBDIR=''
SDL2_image_CFLAGS=''
SDL2_image_LIBS=''
SDL2_mixer_CFLAGS=''
SDL2_mixer_LIBS=''
SDL2_ttf_CFLAGS=''
SDL2_ttf_LIBS=''
SET_MAKE=''
SHELL='/bin/sh'
STRIP=''
VERSION='0.8.0'
am__isrc=''
am__leading_dot='.'
am__tar='$${TAR-tar} chof - "$$tardir"'
am__untar='$${TAR-tar} xf -'
bindir='${exec_prefix}/bin'
build_alias=''
datadir='${datarootdir}'
datarootdir='${prefix}/share'
docdir='${datarootdir}/doc/${PACKAGE_TARNAME}'
dvidir='${docdir}'
exec_prefix='${prefix}'
host_alias=''
htmldir='${docdir}'
includedir='${prefix}/include'
infodir='${datarootdir}/info'
install_sh='${SHELL} /home/agge/projects/guile/guile-sdl2-0.8.0/build-aux/install-sh'
libdir='${exec_prefix}/lib'
libexecdir='${exec_prefix}/libexec'
localedir='${datarootdir}/locale'
localstatedir='${prefix}/var'
mandir='${datarootdir}/man'
mkdir_p='$(MKDIR_P)'
oldincludedir='/usr/include'
pdfdir='${docdir}'
prefix='/usr/local'
program_transform_name='s,x,x,'
psdir='${docdir}'
sbindir='${exec_prefix}/sbin'
sharedstatedir='${prefix}/com'
sysconfdir='${prefix}/etc'
target_alias=''

## ----------- ##
## confdefs.h. ##
## ----------- ##

/* confdefs.h */
#define PACKAGE_NAME "guile-sdl2"
#define PACKAGE_TARNAME "guile-sdl2"
#define PACKAGE_VERSION "0.8.0"
#define PACKAGE_STRING "guile-sdl2 0.8.0"
#define PACKAGE_BUGREPORT ""
#define PACKAGE_URL ""
#define PACKAGE "guile-sdl2"
#define VERSION "0.8.0"

configure: exit 0
